<?xml version="1.0" encoding="UTF-8"?>
<testng-results skipped="0" failed="0" total="1" passed="1">
  <reporter-output>
  </reporter-output>
  <suite name="Default suite" duration-ms="12731" started-at="2018-04-27T12:46:54Z" finished-at="2018-04-27T12:47:07Z">
    <groups>
    </groups>
    <test name="Default test" duration-ms="12731" started-at="2018-04-27T12:46:54Z" finished-at="2018-04-27T12:47:07Z">
      <class name="Base.InitBase">
        <test-method status="PASS" signature="init()[pri:0, instance:Base.InitBase@4439f31e]" name="init" duration-ms="12720" started-at="2018-04-27T18:16:54Z" finished-at="2018-04-27T18:17:07Z">
          <reporter-output>
          </reporter-output>
        </test-method> <!-- init -->
      </class> <!-- Base.InitBase -->
    </test> <!-- Default test -->
  </suite> <!-- Default suite -->
</testng-results>
