<?xml version="1.0" encoding="UTF-8"?>
<testng-results skipped="0" failed="0" total="1" passed="1">
  <reporter-output>
  </reporter-output>
  <suite name="Default suite" duration-ms="13977" started-at="2018-05-02T10:25:56Z" finished-at="2018-05-02T10:26:10Z">
    <groups>
    </groups>
    <test name="Default test" duration-ms="13977" started-at="2018-05-02T10:25:56Z" finished-at="2018-05-02T10:26:10Z">
      <class name="Base.InitBase">
        <test-method status="PASS" signature="init()[pri:0, instance:Base.InitBase@4439f31e]" name="init" duration-ms="13960" started-at="2018-05-02T15:55:56Z" finished-at="2018-05-02T15:56:10Z">
          <reporter-output>
          </reporter-output>
        </test-method> <!-- init -->
      </class> <!-- Base.InitBase -->
    </test> <!-- Default test -->
  </suite> <!-- Default suite -->
</testng-results>
